Build started 12/14/2023 11:33:51 AM.
     1>Project "C:\Users\User\OneDrive\Desktop\CrazyDino\CrazyDino\CrazyDino.vcxproj" on node 2 (Build target(s)).
     1>ClCompile:
         C:\Program Files (x86)\Microsoft Visual Studio 11.0\VC\bin\CL.exe /c /I"D:\SFML-2.0\include" /ZI /nologo /W3 /WX- /Od /Oy- /D SFML_STATIC /D WIN32 /D _DEBUG /D _CONSOLE /D _UNICODE /D UNICODE /Gm /EHsc /RTC1 /MDd /GS /fp:precise /Zc:wchar_t /Zc:forScope /Fo"Debug\\" /Fd"Debug\vc110.pdb" /Gd /TP /analyze- /errorReport:prompt Source.cpp
         Source.cpp
     1>c:\users\user\onedrive\desktop\crazydino\crazydino\source.cpp(22): warning C4244: 'argument' : conversion from 'unsigned int' to 'float', possible loss of data
     1>c:\users\user\onedrive\desktop\crazydino\crazydino\source.cpp(23): warning C4305: 'argument' : truncation from 'double' to 'float'
     1>c:\users\user\onedrive\desktop\crazydino\crazydino\source.cpp(29): warning C4305: 'argument' : truncation from 'double' to 'float'
     1>c:\users\user\onedrive\desktop\crazydino\crazydino\source.cpp(30): warning C4244: 'argument' : conversion from 'unsigned int' to 'float', possible loss of data
     1>c:\users\user\onedrive\desktop\crazydino\crazydino\source.cpp(36): warning C4305: 'argument' : truncation from 'double' to 'float'
     1>c:\users\user\onedrive\desktop\crazydino\crazydino\source.cpp(37): warning C4244: 'argument' : conversion from 'unsigned int' to 'float', possible loss of data
     1>c:\users\user\onedrive\desktop\crazydino\crazydino\source.cpp(43): warning C4305: 'argument' : truncation from 'double' to 'float'
     1>c:\users\user\onedrive\desktop\crazydino\crazydino\source.cpp(44): warning C4244: 'argument' : conversion from 'unsigned int' to 'float', possible loss of data
     1>c:\users\user\onedrive\desktop\crazydino\crazydino\source.cpp(49): warning C4305: 'initializing' : truncation from 'double' to 'float'
     1>c:\users\user\onedrive\desktop\crazydino\crazydino\source.cpp(76): warning C4244: 'argument' : conversion from 'unsigned int' to 'float', possible loss of data
     1>c:\users\user\onedrive\desktop\crazydino\crazydino\source.cpp(109): warning C4244: '=' : conversion from 'unsigned int' to 'float', possible loss of data
     1>c:\users\user\onedrive\desktop\crazydino\crazydino\source.cpp(124): warning C4244: '=' : conversion from 'unsigned int' to 'float', possible loss of data
     1>c:\users\user\onedrive\desktop\crazydino\crazydino\source.cpp(146): warning C4244: 'argument' : conversion from 'unsigned int' to 'float', possible loss of data
     1>c:\users\user\onedrive\desktop\crazydino\crazydino\source.cpp(150): warning C4244: 'argument' : conversion from 'unsigned int' to 'float', possible loss of data
     1>c:\users\user\onedrive\desktop\crazydino\crazydino\source.cpp(158): warning C4244: 'argument' : conversion from 'unsigned int' to 'float', possible loss of data
       Link:
         C:\Program Files (x86)\Microsoft Visual Studio 11.0\VC\bin\link.exe /ERRORREPORT:PROMPT /OUT:"C:\Users\User\OneDrive\Desktop\CrazyDino\Debug\CrazyDino.exe" /INCREMENTAL /NOLOGO /LIBPATH:"D:\SFML-2.0\lib" "sfml-graphics-s-d.lib" "sfml-window-s-d.lib" "sfml-system-s-d.lib" kernel32.lib user32.lib gdi32.lib winspool.lib comdlg32.lib advapi32.lib shell32.lib ole32.lib oleaut32.lib uuid.lib odbc32.lib odbccp32.lib kernel32.lib user32.lib gdi32.lib winspool.lib comdlg32.lib advapi32.lib shell32.lib ole32.lib oleaut32.lib uuid.lib odbc32.lib odbccp32.lib /MANIFEST /MANIFESTUAC:"level='asInvoker' uiAccess='false'" /manifest:embed /DEBUG /PDB:"C:\Users\User\OneDrive\Desktop\CrazyDino\Debug\CrazyDino.pdb" /SUBSYSTEM:CONSOLE /TLBID:1 /DYNAMICBASE /NXCOMPAT /IMPLIB:"C:\Users\User\OneDrive\Desktop\CrazyDino\Debug\CrazyDino.lib" /MACHINE:X86 Debug\Source.obj
         CrazyDino.vcxproj -> C:\Users\User\OneDrive\Desktop\CrazyDino\Debug\CrazyDino.exe
     1>Done Building Project "C:\Users\User\OneDrive\Desktop\CrazyDino\CrazyDino\CrazyDino.vcxproj" (Build target(s)).

Build succeeded.

Time Elapsed 00:00:04.39
